03-03 00:37:12 com_github_MitjaNemec_PlaceFootprints.action_place_footprints 405:Plugin executed on: 'linux'
03-03 00:37:12 com_github_MitjaNemec_PlaceFootprints.action_place_footprints 406:Plugin executed with python version: '3.10.12 (main, Nov 20 2023, 15:14:05) [GCC 11.4.0]'
03-03 00:37:12 com_github_MitjaNemec_PlaceFootprints.action_place_footprints 407:KiCad build version: 6.0.2+dfsg-1
03-03 00:37:12 com_github_MitjaNemec_PlaceFootprints.action_place_footprints 408:Plugin version: 1.2.12
03-03 00:37:12 com_github_MitjaNemec_PlaceFootprints.action_place_footprints 409:Frame repr: <wx._core.Frame object at 0x7f13a8322710>
03-03 00:37:12 com_github_MitjaNemec_PlaceFootprints.place_footprints 121:getting a list of all footprints on board
03-03 00:37:12 com_github_MitjaNemec_PlaceFootprints.place_footprints 156:Footprint J28 on root level
03-03 00:37:12 com_github_MitjaNemec_PlaceFootprints.place_footprints 156:Footprint J27 on root level
03-03 00:37:12 com_github_MitjaNemec_PlaceFootprints.place_footprints 156:Footprint J26 on root level
03-03 00:37:12 com_github_MitjaNemec_PlaceFootprints.place_footprints 156:Footprint J25 on root level
03-03 00:37:12 com_github_MitjaNemec_PlaceFootprints.place_footprints 156:Footprint J24 on root level
03-03 00:37:12 com_github_MitjaNemec_PlaceFootprints.place_footprints 156:Footprint J23 on root level
03-03 00:37:12 com_github_MitjaNemec_PlaceFootprints.place_footprints 156:Footprint J22 on root level
03-03 00:37:12 com_github_MitjaNemec_PlaceFootprints.place_footprints 156:Footprint J21 on root level
03-03 00:37:12 com_github_MitjaNemec_PlaceFootprints.place_footprints 156:Footprint J20 on root level
03-03 00:37:12 com_github_MitjaNemec_PlaceFootprints.place_footprints 156:Footprint J19 on root level
03-03 00:37:12 com_github_MitjaNemec_PlaceFootprints.place_footprints 156:Footprint J18 on root level
03-03 00:37:12 com_github_MitjaNemec_PlaceFootprints.place_footprints 156:Footprint J17 on root level
03-03 00:37:12 com_github_MitjaNemec_PlaceFootprints.place_footprints 156:Footprint J16 on root level
03-03 00:37:12 com_github_MitjaNemec_PlaceFootprints.place_footprints 156:Footprint J15 on root level
03-03 00:37:12 com_github_MitjaNemec_PlaceFootprints.place_footprints 156:Footprint J14 on root level
03-03 00:37:12 com_github_MitjaNemec_PlaceFootprints.place_footprints 156:Footprint J13 on root level
03-03 00:37:12 com_github_MitjaNemec_PlaceFootprints.place_footprints 156:Footprint J12 on root level
03-03 00:37:12 com_github_MitjaNemec_PlaceFootprints.place_footprints 156:Footprint J11 on root level
03-03 00:37:12 com_github_MitjaNemec_PlaceFootprints.place_footprints 156:Footprint J10 on root level
03-03 00:37:12 com_github_MitjaNemec_PlaceFootprints.place_footprints 156:Footprint J9 on root level
03-03 00:37:12 com_github_MitjaNemec_PlaceFootprints.place_footprints 156:Footprint J8 on root level
03-03 00:37:12 com_github_MitjaNemec_PlaceFootprints.place_footprints 156:Footprint J7 on root level
03-03 00:37:12 com_github_MitjaNemec_PlaceFootprints.place_footprints 156:Footprint J6 on root level
03-03 00:37:12 com_github_MitjaNemec_PlaceFootprints.place_footprints 156:Footprint J5 on root level
03-03 00:37:12 com_github_MitjaNemec_PlaceFootprints.place_footprints 156:Footprint J4 on root level
03-03 00:37:12 com_github_MitjaNemec_PlaceFootprints.place_footprints 156:Footprint J3 on root level
03-03 00:37:12 com_github_MitjaNemec_PlaceFootprints.place_footprints 156:Footprint J2 on root level
03-03 00:37:12 com_github_MitjaNemec_PlaceFootprints.place_footprints 156:Footprint J1 on root level
03-03 00:37:13 com_github_MitjaNemec_PlaceFootprints.action_place_footprints 586:Reference designator is: J
03-03 00:37:13 com_github_MitjaNemec_PlaceFootprints.action_place_footprints 587:Reference number is: 25
03-03 00:37:13 com_github_MitjaNemec_PlaceFootprints.action_place_footprints 619:Sorted and filtered list:
['J1', 'J2', 'J3', 'J4', 'J5', 'J6', 'J7', 'J8', 'J9', 'J10', 'J11', 'J12', 'J13', 'J14', 'J15', 'J16', 'J17', 'J18', 'J19', 'J20', 'J21', 'J22', 'J23', 'J24', 'J25', 'J26', 'J27', 'J28']
03-03 00:37:40 com_github_MitjaNemec_PlaceFootprints.action_place_footprints 657:Footprints to place:
['J25', 'J26', 'J27', 'J28']
03-03 00:37:40 com_github_MitjaNemec_PlaceFootprints.place_footprints 358:Starting placing with linear layout
03-03 00:37:40 com_github_MitjaNemec_PlaceFootprints.action_place_footprints 698:Placing complete
